Ignoring ffi-1.15.5 because its extensions are not built. Try: gem pristine ffi --version 1.15.5
Ignoring json-1.8.6 because its extensions are not built. Try: gem pristine json --version 1.8.6
Ignoring json-1.8.6 because its extensions are not built. Try: gem pristine json --version 1.8.6
Ignoring json-1.8.6 because its extensions are not built. Try: gem pristine json --version 1.8.6
Ignoring json-1.8.6 because its extensions are not built. Try: gem pristine json --version 1.8.6
Ignoring json-1.8.6 because its extensions are not built. Try: gem pristine json --version 1.8.6
Ignoring json-1.8.6 because its extensions are not built. Try: gem pristine json --version 1.8.6
Ignoring json-1.8.6 because its extensions are not built. Try: gem pristine json --version 1.8.6
Ignoring json-1.8.6 because its extensions are not built. Try: gem pristine json --version 1.8.6
Ignoring json-1.8.6 because its extensions are not built. Try: gem pristine json --version 1.8.6
Ignoring json-1.8.6 because its extensions are not built. Try: gem pristine json --version 1.8.6
Ignoring json-1.8.6 because its extensions are not built. Try: gem pristine json --version 1.8.6
Ignoring json-1.8.6 because its extensions are not built. Try: gem pristine json --version 1.8.6
Ignoring json-1.8.6 because its extensions are not built. Try: gem pristine json --version 1.8.6
Ignoring json-1.8.6 because its extensions are not built. Try: gem pristine json --version 1.8.6
Ignoring json-1.8.6 because its extensions are not built. Try: gem pristine json --version 1.8.6
Ignoring json-1.8.6 because its extensions are not built. Try: gem pristine json --version 1.8.6
Ignoring json-1.8.6 because its extensions are not built. Try: gem pristine json --version 1.8.6
Ignoring json-1.8.6 because its extensions are not built. Try: gem pristine json --version 1.8.6
Ignoring json-1.8.6 because its extensions are not built. Try: gem pristine json --version 1.8.6
Ignoring json-1.8.6 because its extensions are not built. Try: gem pristine json --version 1.8.6
Ignoring json-1.8.6 because its extensions are not built. Try: gem pristine json --version 1.8.6
Ignoring json-1.8.6 because its extensions are not built. Try: gem pristine json --version 1.8.6
Ignoring json-1.8.6 because its extensions are not built. Try: gem pristine json --version 1.8.6
Ignoring json-1.8.6 because its extensions are not built. Try: gem pristine json --version 1.8.6
Ignoring json-1.8.6 because its extensions are not built. Try: gem pristine json --version 1.8.6
Ignoring json-1.8.6 because its extensions are not built. Try: gem pristine json --version 1.8.6
Ignoring json-1.8.6 because its extensions are not built. Try: gem pristine json --version 1.8.6
Ignoring json-1.8.6 because its extensions are not built. Try: gem pristine json --version 1.8.6
Ignoring json-1.8.6 because its extensions are not built. Try: gem pristine json --version 1.8.6
Ignoring json-1.8.6 because its extensions are not built. Try: gem pristine json --version 1.8.6
Ignoring json-1.8.6 because its extensions are not built. Try: gem pristine json --version 1.8.6
Ignoring json-1.8.6 because its extensions are not built. Try: gem pristine json --version 1.8.6
Ignoring json-1.8.6 because its extensions are not built. Try: gem pristine json --version 1.8.6
Ignoring json-1.8.6 because its extensions are not built. Try: gem pristine json --version 1.8.6
Ignoring json-1.8.6 because its extensions are not built. Try: gem pristine json --version 1.8.6
Ignoring json-1.8.6 because its extensions are not built. Try: gem pristine json --version 1.8.6
Ignoring json-1.8.6 because its extensions are not built. Try: gem pristine json --version 1.8.6
Ignoring json-1.8.6 because its extensions are not built. Try: gem pristine json --version 1.8.6
Ignoring json-1.8.6 because its extensions are not built. Try: gem pristine json --version 1.8.6
Ignoring json-1.8.6 because its extensions are not built. Try: gem pristine json --version 1.8.6
Ignoring json-1.8.6 because its extensions are not built. Try: gem pristine json --version 1.8.6
Ignoring json-1.8.6 because its extensions are not built. Try: gem pristine json --version 1.8.6
Ignoring json-1.8.6 because its extensions are not built. Try: gem pristine json --version 1.8.6
Ignoring json-1.8.6 because its extensions are not built. Try: gem pristine json --version 1.8.6
Ignoring json-1.8.6 because its extensions are not built. Try: gem pristine json --version 1.8.6
Ignoring json-1.8.6 because its extensions are not built. Try: gem pristine json --version 1.8.6
Ignoring json-1.8.6 because its extensions are not built. Try: gem pristine json --version 1.8.6
Ignoring json-1.8.6 because its extensions are not built. Try: gem pristine json --version 1.8.6
Ignoring json-1.8.6 because its extensions are not built. Try: gem pristine json --version 1.8.6
Ignoring json-1.8.6 because its extensions are not built. Try: gem pristine json --version 1.8.6
Ignoring json-1.8.6 because its extensions are not built. Try: gem pristine json --version 1.8.6
Ignoring json-1.8.6 because its extensions are not built. Try: gem pristine json --version 1.8.6
Ignoring json-1.8.6 because its extensions are not built. Try: gem pristine json --version 1.8.6
Ignoring json-1.8.6 because its extensions are not built. Try: gem pristine json --version 1.8.6
Ignoring json-1.8.6 because its extensions are not built. Try: gem pristine json --version 1.8.6
Ignoring json-1.8.6 because its extensions are not built. Try: gem pristine json --version 1.8.6
Ignoring json-1.8.6 because its extensions are not built. Try: gem pristine json --version 1.8.6
Ignoring json-1.8.6 because its extensions are not built. Try: gem pristine json --version 1.8.6
Ignoring json-1.8.6 because its extensions are not built. Try: gem pristine json --version 1.8.6
Ignoring json-1.8.6 because its extensions are not built. Try: gem pristine json --version 1.8.6
Ignoring json-1.8.6 because its extensions are not built. Try: gem pristine json --version 1.8.6
Ignoring json-1.8.6 because its extensions are not built. Try: gem pristine json --version 1.8.6
Ignoring json-1.8.6 because its extensions are not built. Try: gem pristine json --version 1.8.6
Ignoring json-1.8.6 because its extensions are not built. Try: gem pristine json --version 1.8.6
Ignoring json-1.8.6 because its extensions are not built. Try: gem pristine json --version 1.8.6
Ignoring json-1.8.6 because its extensions are not built. Try: gem pristine json --version 1.8.6
Ignoring json-1.8.6 because its extensions are not built. Try: gem pristine json --version 1.8.6
Ignoring json-1.8.6 because its extensions are not built. Try: gem pristine json --version 1.8.6
Ignoring json-1.8.6 because its extensions are not built. Try: gem pristine json --version 1.8.6
Ignoring json-1.8.6 because its extensions are not built. Try: gem pristine json --version 1.8.6
Ignoring json-1.8.6 because its extensions are not built. Try: gem pristine json --version 1.8.6
Ignoring json-1.8.6 because its extensions are not built. Try: gem pristine json --version 1.8.6
Ignoring json-1.8.6 because its extensions are not built. Try: gem pristine json --version 1.8.6
Ignoring json-1.8.6 because its extensions are not built. Try: gem pristine json --version 1.8.6
Ignoring json-1.8.6 because its extensions are not built. Try: gem pristine json --version 1.8.6
Ignoring json-1.8.6 because its extensions are not built. Try: gem pristine json --version 1.8.6
Using Expo modules
[Expo] Enabling modular headers for pod ExpoModulesCore
[Expo] Enabling modular headers for pod React-RCTAppDelegate
[Expo] Enabling modular headers for pod React-RCTFabric
[Expo] Enabling modular headers for pod ReactAppDependencyProvider
[Expo] Enabling modular headers for pod React-Core
[Expo] Enabling modular headers for pod ReactCodegen
[Expo] Enabling modular headers for pod RCTRequired
[Expo] Enabling modular headers for pod RCTTypeSafety
[Expo] Enabling modular headers for pod ReactCommon
[Expo] Enabling modular headers for pod React-NativeModulesApple
[Expo] Enabling modular headers for pod Yoga
[Expo] Enabling modular headers for pod React-Fabric
[Expo] Enabling modular headers for pod React-graphics
[Expo] Enabling modular headers for pod React-utils
[Expo] Enabling modular headers for pod React-featureflags
[Expo] Enabling modular headers for pod React-debug
[Expo] Enabling modular headers for pod React-ImageManager
[Expo] Enabling modular headers for pod React-rendererdebug
[Expo] Enabling modular headers for pod React-jsi
[Expo] Enabling modular headers for pod React-renderercss
[Expo] Enabling modular headers for pod hermes-engine
[Expo] Enabling modular headers for pod glog
[Expo] Enabling modular headers for pod boost
[Expo] Enabling modular headers for pod DoubleConversion
[Expo] Enabling modular headers for pod fast_float
[Expo] Enabling modular headers for pod fmt
[Expo] Enabling modular headers for pod RCT-Folly
[Expo] Enabling modular headers for pod SocketRocket
[Expo] Enabling modular headers for pod ZXingObjC
[Expo] Enabling modular headers for pod SDWebImage
[Expo] Enabling modular headers for pod SDWebImageAVIFCoder
[Expo] Enabling modular headers for pod SDWebImageSVGCoder
[Expo] Enabling modular headers for pod SDWebImageWebPCoder
[Expo] Enabling modular headers for pod libavif
[Expo] Enabling modular headers for pod RNScreens
Found 4 modules for target `Croply`
link_native_modules! {:ios_packages=>[{:configurations=>[], :name=>"expo", :root=>"/Users/nipunroy/Documents/Croply/node_modules/expo", :path=>"../node_modules/expo", :podspec_path=>"/Users/nipunroy/Documents/Croply/node_modules/expo/Expo.podspec", :script_phases=>[]}, {:configurations=>[], :name=>"react-native-safe-area-context", :root=>"/Users/nipunroy/Documents/Croply/node_modules/react-native-safe-area-context", :path=>"../node_modules/react-native-safe-area-context", :podspec_path=>"/Users/nipunroy/Documents/Croply/node_modules/react-native-safe-area-context/react-native-safe-area-context.podspec", :script_phases=>[]}, {:configurations=>[], :name=>"react-native-screens", :root=>"/Users/nipunroy/Documents/Croply/node_modules/react-native-screens", :path=>"../node_modules/react-native-screens", :podspec_path=>"/Users/nipunroy/Documents/Croply/node_modules/react-native-screens/RNScreens.podspec", :script_phases=>[]}, {:configurations=>[], :name=>"react-native-svg", :root=>"/Users/nipunroy/Documents/Croply/node_modules/react-native-svg", :path=>"../node_modules/react-native-svg", :podspec_path=>"/Users/nipunroy/Documents/Croply/node_modules/react-native-svg/RNSVG.podspec", :script_phases=>[]}], :ios_project_root_path=>"/Users/nipunroy/Documents/Croply/ios", :react_native_path=>"../node_modules/react-native"}
Auto-linking React Native modules for target `Croply`: RNSVG, RNScreens, and react-native-safe-area-context
React Native requires XCode >= 16.1. Found 15.4.
Framework build type is static library
[ReactNativeDependencies] Setting up ReactNativeDependencies...
[ReactNativeDependencies] Building from source: false
[ReactNativeDependencies] Using release tarball
[ReactNativeDependencies] Using tarball from URL: https://repo1.maven.org/maven2/com/facebook/react/react-native-artifacts/0.81.5/react-native-artifacts-0.81.5-reactnative-dependencies-debug.tar.gz
[ReactNativeDependencies] Source: {:http=>"https://repo1.maven.org/maven2/com/facebook/react/react-native-artifacts/0.81.5/react-native-artifacts-0.81.5-reactnative-dependencies-debug.tar.gz"}
[ReactNativeCore] Setting up ReactNativeCore...
[ReactNativeCore] Building from source: false
[ReactNativeCore] Using tarball from URL: https://repo1.maven.org/maven2/com/facebook/react/react-native-artifacts/0.81.5/react-native-artifacts-0.81.5-reactnative-core-debug.tar.gz
[ReactNativeCore] Source: {:http=>"https://repo1.maven.org/maven2/com/facebook/react/react-native-artifacts/0.81.5/react-native-artifacts-0.81.5-reactnative-core-debug.tar.gz"}
Configuring the target with the New Architecture
[ReactNativeCore] Using React Native Core and React Native Dependencies prebuilt versions.
[36m[1m[Codegen][0m Analyzing /Users/nipunroy/Documents/Croply/package.json[0m
[36m[1m[Codegen][0m [33mSearching for codegen-enabled libraries in the app.[0m
[36m[1m[Codegen][0m [33mThe "codegenConfig" field is not defined in package.json. Assuming there is nothing to generate at the app level.[0m
[36m[1m[Codegen][0m [33mSearching for codegen-enabled libraries in react-native.config.js[0m
[36m[1m[Codegen][0m Found react-native-safe-area-context[0m
[36m[1m[Codegen][0m Found react-native-screens[0m
[36m[1m[Codegen][0m Found react-native-svg[0m
[36m[1m[Codegen][0m Processing safeareacontext[0m
[36m[1m[Codegen][0m [33mSearching for podspec in the project dependencies.[0m
[36m[1m[Codegen][0m Supported Apple platforms: ios, macos, tvos, visionos for safeareacontext[0m
[36m[1m[Codegen][0m Processing rnscreens[0m
[36m[1m[Codegen][0m [33mSearching for podspec in the project dependencies.[0m
[36m[1m[Codegen][0m Supported Apple platforms: ios, tvos, visionos for rnscreens[0m
[36m[1m[Codegen][0m Processing rnsvg[0m
[36m[1m[Codegen][0m [33mSearching for podspec in the project dependencies.[0m
[36m[1m[Codegen][0m Supported Apple platforms: ios, macos, tvos, visionos for rnsvg[0m
[36m[1m[Codegen][0m Generating Native Code for safeareacontext - ios[0m
[36m[1m[Codegen][0m Generated artifacts: /Users/nipunroy/Documents/Croply/ios/build/generated/ios[0m
[36m[1m[Codegen][0m Generating Native Code for rnscreens - ios[0m
[36m[1m[Codegen][0m Generated artifacts: /Users/nipunroy/Documents/Croply/ios/build/generated/ios[0m
[36m[1m[Codegen][0m Generating Native Code for rnsvg - ios[0m
[36m[1m[Codegen][0m Generated artifacts: /Users/nipunroy/Documents/Croply/ios/build/generated/ios[0m
[36m[1m[Codegen][0m Generating RCTThirdPartyComponentsProvider.h[0m
[36m[1m[Codegen][0m Generated artifact: /Users/nipunroy/Documents/Croply/ios/build/generated/ios/RCTThirdPartyComponentsProvider.h[0m
[36m[1m[Codegen][0m Generating RCTThirdPartyComponentsProvider.mm[0m
[36m[1m[Codegen][0m Generated artifact: /Users/nipunroy/Documents/Croply/ios/build/generated/ios/RCTThirdPartyComponentsProvider.mm[0m
[36m[1m[Codegen][0m Generating RCTModulesProvider.h[0m
[36m[1m[Codegen][0m Generated artifact: /Users/nipunroy/Documents/Croply/ios/build/generated/ios/RCTModuleProviders.h[0m
[36m[1m[Codegen][0m Generating RCTModuleProviders.mm[0m
[36m[1m[Codegen][0m Generated artifact: /Users/nipunroy/Documents/Croply/ios/build/generated/ios/RCTModuleProviders.mm[0m
[36m[1m[Codegen][0m Generating RCTAppDependencyProvider[0m
[36m[1m[Codegen][0m Generated artifact: /Users/nipunroy/Documents/Croply/ios/build/generated/ios/RCTAppDependencyProvider.h[0m
[36m[1m[Codegen][0m Generated artifact: /Users/nipunroy/Documents/Croply/ios/build/generated/ios/RCTAppDependencyProvider.mm[0m
[36m[1m[Codegen][0m Generated podspec: /Users/nipunroy/Documents/Croply/ios/build/generated/ios/ReactAppDependencyProvider.podspec[0m
[36m[1m[Codegen][0m Generated podspec: /Users/nipunroy/Documents/Croply/ios/build/generated/ios/ReactCodegen.podspec[0m
[36m[1m[Codegen][0m [33mDone.[0m
[ReactNativeDependencies] Using release tarball
[ReactNativeDependencies] Using tarball from URL: https://repo1.maven.org/maven2/com/facebook/react/react-native-artifacts/0.81.5/react-native-artifacts-0.81.5-reactnative-dependencies-debug.tar.gz
Analyzing dependencies
Fetching podspec for `React-Core-prebuilt` from `../node_modules/react-native/React-Core-prebuilt.podspec`
[ReactNativeCore] Using tarball from URL: https://repo1.maven.org/maven2/com/facebook/react/react-native-artifacts/0.81.5/react-native-artifacts-0.81.5-reactnative-core-debug.tar.gz
Fetching podspec for `ReactNativeDependencies` from `../node_modules/react-native/third-party-podspecs/ReactNativeDependencies.podspec`
[ReactNativeDependencies] Using release tarball
[ReactNativeDependencies] Using tarball from URL: https://repo1.maven.org/maven2/com/facebook/react/react-native-artifacts/0.81.5/react-native-artifacts-0.81.5-reactnative-dependencies-debug.tar.gz
Fetching podspec for `hermes-engine` from `../node_modules/react-native/sdks/hermes-engine/hermes-engine.podspec`
[Hermes] Using release tarball from URL: https://repo1.maven.org/maven2/com/facebook/react/react-native-artifacts/0.81.5/react-native-artifacts-0.81.5-hermes-ios-debug.tar.gz

――― MARKDOWN TEMPLATE ―――――――――――――――――――――――――――――――――――――――――――――――――――――――――――

### Command

```
/usr/local/bin/pod install
```

### Report

* What did you do?

* What did you expect to happen?

* What happened instead?


### Stack

```
   CocoaPods : 1.12.1
        Ruby : ruby 2.6.10p210 (2022-04-12 revision 67958) [universal.arm64e-darwin25]
    RubyGems : 3.0.3.1
        Host : macOS 26.3 (25D5112c)
       Xcode : 15.4 (15F31d)
         Git : git version 2.50.1
Ruby lib dir : /System/Library/Frameworks/Ruby.framework/Versions/2.6/usr/lib
Repositories : trunk - CDN - https://cdn.cocoapods.org/
```

### Plugins

```
cocoapods-deintegrate : 1.0.5
cocoapods-plugins     : 1.0.0
cocoapods-search      : 1.0.1
cocoapods-trunk       : 1.6.0
cocoapods-try         : 1.2.0
```

### Podfile

```ruby
require File.join(File.dirname(`node --print "require.resolve('expo/package.json')"`), "scripts/autolinking")
require File.join(File.dirname(`node --print "require.resolve('react-native/package.json')"`), "scripts/react_native_pods")

require 'json'
podfile_properties = JSON.parse(File.read(File.join(__dir__, 'Podfile.properties.json'))) rescue {}

def ccache_enabled?(podfile_properties)
  # Environment variable takes precedence
  return ENV['USE_CCACHE'] == '1' if ENV['USE_CCACHE']
  
  # Fall back to Podfile properties
  podfile_properties['apple.ccacheEnabled'] == 'true'
end

ENV['RCT_NEW_ARCH_ENABLED'] ||= '0' if podfile_properties['newArchEnabled'] == 'false'
ENV['EX_DEV_CLIENT_NETWORK_INSPECTOR'] ||= podfile_properties['EX_DEV_CLIENT_NETWORK_INSPECTOR']
ENV['RCT_USE_RN_DEP'] ||= '1' if podfile_properties['ios.buildReactNativeFromSource'] != 'true' && podfile_properties['newArchEnabled'] != 'false'
ENV['RCT_USE_PREBUILT_RNCORE'] ||= '1' if podfile_properties['ios.buildReactNativeFromSource'] != 'true' && podfile_properties['newArchEnabled'] != 'false'
platform :ios, podfile_properties['ios.deploymentTarget'] || '15.1'

prepare_react_native_project!

target 'Croply' do
  use_expo_modules!

  if ENV['EXPO_USE_COMMUNITY_AUTOLINKING'] == '1'
    config_command = ['node', '-e', "process.argv=['', '', 'config'];require('@react-native-community/cli').run()"];
  else
    config_command = [
      'node',
      '--no-warnings',
      '--eval',
      'require(\'expo/bin/autolinking\')',
      'expo-modules-autolinking',
      'react-native-config',
      '--json',
      '--platform',
      'ios'
    ]
  end

  config = use_native_modules!(config_command)

  use_frameworks! :linkage => podfile_properties['ios.useFrameworks'].to_sym if podfile_properties['ios.useFrameworks']
  use_frameworks! :linkage => ENV['USE_FRAMEWORKS'].to_sym if ENV['USE_FRAMEWORKS']

  use_react_native!(
    :path => config[:reactNativePath],
    :hermes_enabled => podfile_properties['expo.jsEngine'] == nil || podfile_properties['expo.jsEngine'] == 'hermes',
    # An absolute path to your application root.
    :app_path => "#{Pod::Config.instance.installation_root}/..",
    :privacy_file_aggregation_enabled => podfile_properties['apple.privacyManifestAggregationEnabled'] != 'false',
  )

  post_install do |installer|
    react_native_post_install(
      installer,
      config[:reactNativePath],
      :mac_catalyst_enabled => false,
      :ccache_enabled => ccache_enabled?(podfile_properties),
    )
  end
end
```

### Error

```
LoadError - dlopen(/Users/nipunroy/.gem/ruby/2.6.0/gems/ffi-1.15.5/lib/ffi_c.bundle, 0x0009): tried: '/Users/nipunroy/.gem/ruby/2.6.0/gems/ffi-1.15.5/lib/ffi_c.bundle' (mach-o file, but is an incompatible architecture (have 'x86_64', need 'arm64e' or 'arm64e.v1' or 'arm64' or 'arm64')), '/System/Volumes/Preboot/Cryptexes/OS/Users/nipunroy/.gem/ruby/2.6.0/gems/ffi-1.15.5/lib/ffi_c.bundle' (no such file), '/Users/nipunroy/.gem/ruby/2.6.0/gems/ffi-1.15.5/lib/ffi_c.bundle' (mach-o file, but is an incompatible architecture (have 'x86_64', need 'arm64e' or 'arm64e.v1' or 'arm64' or 'arm64')) - /Users/nipunroy/.gem/ruby/2.6.0/gems/ffi-1.15.5/lib/ffi_c.bundle
/System/Library/Frameworks/Ruby.framework/Versions/2.6/usr/lib/ruby/2.6.0/rubygems/core_ext/kernel_require.rb:54:in `require'
/System/Library/Frameworks/Ruby.framework/Versions/2.6/usr/lib/ruby/2.6.0/rubygems/core_ext/kernel_require.rb:54:in `require'
/Users/nipunroy/.gem/ruby/2.6.0/gems/ffi-1.15.5/lib/ffi.rb:5:in `rescue in <top (required)>'
/Users/nipunroy/.gem/ruby/2.6.0/gems/ffi-1.15.5/lib/ffi.rb:2:in `<top (required)>'
/System/Library/Frameworks/Ruby.framework/Versions/2.6/usr/lib/ruby/2.6.0/rubygems/core_ext/kernel_require.rb:54:in `require'
/System/Library/Frameworks/Ruby.framework/Versions/2.6/usr/lib/ruby/2.6.0/rubygems/core_ext/kernel_require.rb:54:in `require'
/Users/nipunroy/.gem/ruby/2.6.0/gems/ethon-0.16.0/lib/ethon.rb:3:in `<top (required)>'
/System/Library/Frameworks/Ruby.framework/Versions/2.6/usr/lib/ruby/2.6.0/rubygems/core_ext/kernel_require.rb:54:in `require'
/System/Library/Frameworks/Ruby.framework/Versions/2.6/usr/lib/ruby/2.6.0/rubygems/core_ext/kernel_require.rb:54:in `require'
/Users/nipunroy/.gem/ruby/2.6.0/gems/typhoeus-1.4.0/lib/typhoeus.rb:2:in `<top (required)>'
/System/Library/Frameworks/Ruby.framework/Versions/2.6/usr/lib/ruby/2.6.0/rubygems/core_ext/kernel_require.rb:54:in `require'
/System/Library/Frameworks/Ruby.framework/Versions/2.6/usr/lib/ruby/2.6.0/rubygems/core_ext/kernel_require.rb:54:in `require'
/Library/Ruby/Gems/2.6.0/gems/cocoapods-core-1.12.1/lib/cocoapods-core/cdn_source.rb:440:in `download_typhoeus_impl_async'
/Library/Ruby/Gems/2.6.0/gems/cocoapods-core-1.12.1/lib/cocoapods-core/cdn_source.rb:372:in `download_and_save_with_retries_async'
/Library/Ruby/Gems/2.6.0/gems/cocoapods-core-1.12.1/lib/cocoapods-core/cdn_source.rb:365:in `download_file_async'
/Library/Ruby/Gems/2.6.0/gems/cocoapods-core-1.12.1/lib/cocoapods-core/cdn_source.rb:338:in `download_file'
/Library/Ruby/Gems/2.6.0/gems/cocoapods-core-1.12.1/lib/cocoapods-core/cdn_source.rb:284:in `ensure_versions_file_loaded'
/Library/Ruby/Gems/2.6.0/gems/cocoapods-core-1.12.1/lib/cocoapods-core/cdn_source.rb:208:in `search'
/Library/Ruby/Gems/2.6.0/gems/cocoapods-core-1.12.1/lib/cocoapods-core/source/aggregate.rb:83:in `block in search'
/Library/Ruby/Gems/2.6.0/gems/cocoapods-core-1.12.1/lib/cocoapods-core/source/aggregate.rb:83:in `select'
/Library/Ruby/Gems/2.6.0/gems/cocoapods-core-1.12.1/lib/cocoapods-core/source/aggregate.rb:83:in `search'
/Library/Ruby/Gems/2.6.0/gems/cocoapods-1.12.1/lib/cocoapods/resolver.rb:416:in `create_set_from_sources'
/Library/Ruby/Gems/2.6.0/gems/cocoapods-1.12.1/lib/cocoapods/resolver.rb:385:in `find_cached_set'
/Library/Ruby/Gems/2.6.0/gems/cocoapods-1.12.1/lib/cocoapods/resolver.rb:360:in `specifications_for_dependency'
/Library/Ruby/Gems/2.6.0/gems/cocoapods-1.12.1/lib/cocoapods/resolver.rb:165:in `search_for'
/Library/Ruby/Gems/2.6.0/gems/cocoapods-1.12.1/lib/cocoapods/resolver.rb:274:in `block in sort_dependencies'
/Library/Ruby/Gems/2.6.0/gems/cocoapods-1.12.1/lib/cocoapods/resolver.rb:267:in `each'
/Library/Ruby/Gems/2.6.0/gems/cocoapods-1.12.1/lib/cocoapods/resolver.rb:267:in `sort_by'
/Library/Ruby/Gems/2.6.0/gems/cocoapods-1.12.1/lib/cocoapods/resolver.rb:267:in `sort_by!'
/Library/Ruby/Gems/2.6.0/gems/cocoapods-1.12.1/lib/cocoapods/resolver.rb:267:in `sort_dependencies'
/Users/nipunroy/.gem/ruby/2.6.0/gems/molinillo-0.8.0/lib/molinillo/delegates/specification_provider.rb:60:in `block in sort_dependencies'
/Users/nipunroy/.gem/ruby/2.6.0/gems/molinillo-0.8.0/lib/molinillo/delegates/specification_provider.rb:77:in `with_no_such_dependency_error_handling'
/Users/nipunroy/.gem/ruby/2.6.0/gems/molinillo-0.8.0/lib/molinillo/delegates/specification_provider.rb:59:in `sort_dependencies'
/Users/nipunroy/.gem/ruby/2.6.0/gems/molinillo-0.8.0/lib/molinillo/resolution.rb:754:in `push_state_for_requirements'
/Users/nipunroy/.gem/ruby/2.6.0/gems/molinillo-0.8.0/lib/molinillo/resolution.rb:744:in `require_nested_dependencies_for'
/Users/nipunroy/.gem/ruby/2.6.0/gems/molinillo-0.8.0/lib/molinillo/resolution.rb:727:in `activate_new_spec'
/Users/nipunroy/.gem/ruby/2.6.0/gems/molinillo-0.8.0/lib/molinillo/resolution.rb:684:in `attempt_to_activate'
/Users/nipunroy/.gem/ruby/2.6.0/gems/molinillo-0.8.0/lib/molinillo/resolution.rb:254:in `process_topmost_state'
/Users/nipunroy/.gem/ruby/2.6.0/gems/molinillo-0.8.0/lib/molinillo/resolution.rb:182:in `resolve'
/Users/nipunroy/.gem/ruby/2.6.0/gems/molinillo-0.8.0/lib/molinillo/resolver.rb:43:in `resolve'
/Library/Ruby/Gems/2.6.0/gems/cocoapods-1.12.1/lib/cocoapods/resolver.rb:94:in `resolve'
/Library/Ruby/Gems/2.6.0/gems/cocoapods-1.12.1/lib/cocoapods/installer/analyzer.rb:1082:in `block in resolve_dependencies'
/Library/Ruby/Gems/2.6.0/gems/cocoapods-1.12.1/lib/cocoapods/user_interface.rb:64:in `section'
/Library/Ruby/Gems/2.6.0/gems/cocoapods-1.12.1/lib/cocoapods/installer/analyzer.rb:1080:in `resolve_dependencies'
/Library/Ruby/Gems/2.6.0/gems/cocoapods-1.12.1/lib/cocoapods/installer/analyzer.rb:125:in `analyze'
/Library/Ruby/Gems/2.6.0/gems/cocoapods-1.12.1/lib/cocoapods/installer.rb:422:in `analyze'
/Library/Ruby/Gems/2.6.0/gems/cocoapods-1.12.1/lib/cocoapods/installer.rb:244:in `block in resolve_dependencies'
/Library/Ruby/Gems/2.6.0/gems/cocoapods-1.12.1/lib/cocoapods/user_interface.rb:64:in `section'
/Library/Ruby/Gems/2.6.0/gems/cocoapods-1.12.1/lib/cocoapods/installer.rb:243:in `resolve_dependencies'
/Library/Ruby/Gems/2.6.0/gems/cocoapods-1.12.1/lib/cocoapods/installer.rb:162:in `install!'
/Library/Ruby/Gems/2.6.0/gems/cocoapods-1.12.1/lib/cocoapods/command/install.rb:52:in `run'
/Users/nipunroy/.gem/ruby/2.6.0/gems/claide-1.1.0/lib/claide/command.rb:334:in `run'
/Library/Ruby/Gems/2.6.0/gems/cocoapods-1.12.1/lib/cocoapods/command.rb:52:in `run'
/Library/Ruby/Gems/2.6.0/gems/cocoapods-1.12.1/bin/pod:55:in `<top (required)>'
/usr/local/bin/pod:23:in `load'
/usr/local/bin/pod:23:in `<main>'
```

――― TEMPLATE END ――――――――――――――――――――――――――――――――――――――――――――――――――――――――――――――――

[!] Oh no, an error occurred.

Search for existing GitHub issues similar to yours:
https://github.com/CocoaPods/CocoaPods/search?q=dlopen%28%2FUsers%2Fnipunroy%2F.gem%2Fruby%2F2.6.0%2Fgems%2Fffi-1.15.5%2Flib%2Fffi_c.bundle%2C+0x0009%29%3A+tried%3A+%27%2FUsers%2Fnipunroy%2F.gem%2Fruby%2F2.6.0%2Fgems%2Fffi-1.15.5%2Flib%2Fffi_c.bundle%27+%28mach-o+file%2C+but+is+an+incompatible+architecture+%28have+%27x86_64%27%2C+need+%27arm64e%27+or+%27arm64e.v1%27+or+%27arm64%27+or+%27arm64%27%29%29%2C+%27%2FSystem%2FVolumes%2FPreboot%2FCryptexes%2FOS%2FUsers%2Fnipunroy%2F.gem%2Fruby%2F2.6.0%2Fgems%2Fffi-1.15.5%2Flib%2Fffi_c.bundle%27+%28no+such+file%29%2C+%27%2FUsers%2Fnipunroy%2F.gem%2Fruby%2F2.6.0%2Fgems%2Fffi-1.15.5%2Flib%2Fffi_c.bundle%27+%28mach-o+file%2C+but+is+an+incompatible+architecture+%28have+%27x86_64%27%2C+need+%27arm64e%27+or+%27arm64e.v1%27+or+%27arm64%27+or+%27arm64%27%29%29+-+%2FUsers%2Fnipunroy%2F.gem%2Fruby%2F2.6.0%2Fgems%2Fffi-1.15.5%2Flib%2Fffi_c.bundle&type=Issues

If none exists, create a ticket, with the template displayed above, on:
https://github.com/CocoaPods/CocoaPods/issues/new

Be sure to first read the contributing guide for details on how to properly submit a ticket:
https://github.com/CocoaPods/CocoaPods/blob/master/CONTRIBUTING.md

Don't forget to anonymize any private data!

Searching for inspections failed: undefined method `map' for nil:NilClass
Looking for related issues on cocoapods/cocoapods...
